Using pre-set license
Built from '2022.3/staging' branch; Version is '2022.3.24f1 (334eb2a0b267) revision 3362482'; Using compiler version '192829333'; Build Type 'Release'
OS: 'Windows 11  (10.0.22631) 64bit Core' Language: 'en' Physical Memory: 7561 MB
BatchMode: 1, IsHumanControllingUs: 0, StartBugReporterOnCrash: 0, Is64bit: 1, IsPro: 1

COMMAND LINE ARGUMENTS:
C:\Program Files\Unity\Hub\Editor\2022.3.24f1\Editor\Unity.exe
-adb2
-batchMode
-noUpm
-name
AssetImportWorker0
-projectPath
C:/Users/asus/A-Z
-logFile
Logs/AssetImportWorker0.log
-srvPort
51451
Successfully changed project path to: C:/Users/asus/A-Z
C:/Users/asus/A-Z
[UnityMemory] Configuration Parameters - Can be set up in boot.config
    "memorysetup-bucket-allocator-granularity=16"
    "memorysetup-bucket-allocator-bucket-count=8"
    "memorysetup-bucket-allocator-block-size=33554432"
    "memorysetup-bucket-allocator-block-count=8"
    "memorysetup-main-allocator-block-size=16777216"
    "memorysetup-thread-allocator-block-size=16777216"
    "memorysetup-gfx-main-allocator-block-size=16777216"
    "memorysetup-gfx-thread-allocator-block-size=16777216"
    "memorysetup-cache-allocator-block-size=4194304"
    "memorysetup-typetree-allocator-block-size=2097152"
    "memorysetup-profiler-bucket-allocator-granularity=16"
    "memorysetup-profiler-bucket-allocator-bucket-count=8"
    "memorysetup-profiler-bucket-allocator-block-size=33554432"
    "memorysetup-profiler-bucket-allocator-block-count=8"
    "memorysetup-profiler-allocator-block-size=16777216"
    "memorysetup-profiler-editor-allocator-block-size=1048576"
    "memorysetup-temp-allocator-size-main=16777216"
    "memorysetup-job-temp-allocator-block-size=2097152"
    "memorysetup-job-temp-allocator-block-size-background=1048576"
    "memorysetup-job-temp-allocator-reduction-small-platforms=262144"
    "memorysetup-allocator-temp-initial-block-size-main=262144"
    "memorysetup-allocator-temp-initial-block-size-worker=262144"
    "memorysetup-temp-allocator-size-background-worker=32768"
    "memorysetup-temp-allocator-size-job-worker=262144"
    "memorysetup-temp-allocator-size-preload-manager=33554432"
    "memorysetup-temp-allocator-size-nav-mesh-worker=65536"
    "memorysetup-temp-allocator-size-audio-worker=65536"
    "memorysetup-temp-allocator-size-cloud-worker=32768"
    "memorysetup-temp-allocator-size-gi-baking-worker=262144"
    "memorysetup-temp-allocator-size-gfx=262144"
Player connection [14072] Host "[IP] 192.168.56.1 [Port] 0 [Flags] 2 [Guid] 2341921051 [EditorId] 2341921051 [Version] 1048832 [Id] WindowsEditor(7,AdityaChau) [Debug] 1 [PackageName] WindowsEditor [ProjectName] Editor" joined multi-casting on [225.0.0.222:54997]...

Player connection [14072] Host "[IP] 192.168.56.1 [Port] 0 [Flags] 2 [Guid] 2341921051 [EditorId] 2341921051 [Version] 1048832 [Id] WindowsEditor(7,AdityaChau) [Debug] 1 [PackageName] WindowsEditor [ProjectName] Editor" joined alternative multi-casting on [225.0.0.222:34997]...

[Physics::Module] Initialized MultithreadedJobDispatcher with 15 workers.
Refreshing native plugins compatible for Editor in 34.84 ms, found 6 plugins.
Preloading 2 native plugins for Editor in 7.00 ms.
Initialize engine version: 2022.3.24f1 (334eb2a0b267)
[Subsystems] Discovering subsystems at path C:/Program Files/Unity/Hub/Editor/2022.3.24f1/Editor/Data/Resources/UnitySubsystems
[Subsystems] Discovering subsystems at path C:/Users/asus/A-Z/Assets
GfxDevice: creating device client; threaded=0; jobified=0
Direct3D:
    Version:  Direct3D 11.0 [level 11.1]
    Renderer: AMD Radeon(TM) Graphics (ID=0x164c)
    Vendor:   ATI
    VRAM:     3780 MB
    Driver:   30.0.13044.14002
Initialize mono
Mono path[0] = 'C:/Program Files/Unity/Hub/Editor/2022.3.24f1/Editor/Data/Managed'
Mono path[1] = 'C:/Program Files/Unity/Hub/Editor/2022.3.24f1/Editor/Data/MonoBleedingEdge/lib/mono/unityjit-win32'
Mono config path = 'C:/Program Files/Unity/Hub/Editor/2022.3.24f1/Editor/Data/MonoBleedingEdge/etc'
Using monoOptions --debugger-agent=transport=dt_socket,embedding=1,server=y,suspend=n,address=127.0.0.1:56248
Begin MonoManager ReloadAssembly
Registering precompiled unity dll's ...
Register platform support module: C:/Program Files/Unity/Hub/Editor/2022.3.24f1/Editor/Data/PlaybackEngines/WebGLSupport/UnityEditor.WebGL.Extensions.dll
Register platform support module: C:/Program Files/Unity/Hub/Editor/2022.3.24f1/Editor/Data/PlaybackEngines/AndroidPlayer/UnityEditor.Android.Extensions.dll
Register platform support module: C:/Program Files/Unity/Hub/Editor/2022.3.24f1/Editor/Data/PlaybackEngines/WindowsStandaloneSupport/UnityEditor.WindowsStandalone.Extensions.dll
Registered in 0.022940 seconds.
- Loaded All Assemblies, in  0.820 seconds
Native extension for WindowsStandalone target not found
Native extension for Android target not found
Android Extension - Scanning For ADB Devices 632 ms
Native extension for WebGL target not found
Mono: successfully reloaded assembly
- Finished resetting the current domain, in  1.342 seconds
Domain Reload Profiling: 2161ms
	BeginReloadAssembly (312ms)
		ExecutionOrderSort (0ms)
		DisableScriptedObjects (0ms)
		BackupInstance (0ms)
		ReleaseScriptingObjects (0ms)
		CreateAndSetChildDomain (1ms)
	RebuildCommonClasses (68ms)
	RebuildNativeTypeToScriptingClass (14ms)
	initialDomainReloadingComplete (123ms)
	LoadAllAssembliesAndSetupDomain (302ms)
		LoadAssemblies (310ms)
		RebuildTransferFunctionScriptingTraits (0ms)
		AnalyzeDomain (294ms)
			TypeCache.Refresh (289ms)
				TypeCache.ScanAssembly (254ms)
			ScanForSourceGeneratedMonoScriptInfo (2ms)
			ResolveRequiredComponents (1ms)
	FinalizeReload (1343ms)
		ReleaseScriptCaches (0ms)
		RebuildScriptCaches (0ms)
		SetupLoadedEditorAssemblies (1224ms)
			LogAssemblyErrors (0ms)
			InitializePlatformSupportModulesInManaged (849ms)
			SetLoadedEditorAssemblies (9ms)
			RefreshPlugins (0ms)
			BeforeProcessingInitializeOnLoad (4ms)
			ProcessInitializeOnLoadAttributes (267ms)
			ProcessInitializeOnLoadMethodAttributes (93ms)
			AfterProcessingInitializeOnLoad (1ms)
			EditorAssembliesLoaded (1ms)
		ExecutionOrderSort2 (0ms)
		AwakeInstancesAfterBackupRestoration (0ms)
========================================================================
Worker process is ready to serve import requests
Begin MonoManager ReloadAssembly
- Loaded All Assemblies, in  2.416 seconds
Refreshing native plugins compatible for Editor in 11.86 ms, found 6 plugins.
Native extension for WindowsStandalone target not found
Native extension for Android target not found
Native extension for WebGL target not found
Package Manager log level set to [2]
[Package Manager] Server::EnsureServerProcessIsRunning -- launch failed, reason: Unity was launched with the -noUpm command-line argument
[Package Manager] UpmClient::Send -- Unable to send message (not connected to UPM process).
[Package Manager] Cannot connect to Unity Package Manager local server
Mono: successfully reloaded assembly
- Finished resetting the current domain, in  1.262 seconds
Domain Reload Profiling: 3676ms
	BeginReloadAssembly (568ms)
		ExecutionOrderSort (0ms)
		DisableScriptedObjects (10ms)
		BackupInstance (0ms)
		ReleaseScriptingObjects (0ms)
		CreateAndSetChildDomain (302ms)
	RebuildCommonClasses (82ms)
	RebuildNativeTypeToScriptingClass (17ms)
	initialDomainReloadingComplete (122ms)
	LoadAllAssembliesAndSetupDomain (1625ms)
		LoadAssemblies (1246ms)
		RebuildTransferFunctionScriptingTraits (0ms)
		AnalyzeDomain (563ms)
			TypeCache.Refresh (504ms)
				TypeCache.ScanAssembly (442ms)
			ScanForSourceGeneratedMonoScriptInfo (36ms)
			ResolveRequiredComponents (17ms)
	FinalizeReload (1263ms)
		ReleaseScriptCaches (0ms)
		RebuildScriptCaches (0ms)
		SetupLoadedEditorAssemblies (922ms)
			LogAssemblyErrors (0ms)
			InitializePlatformSupportModulesInManaged (54ms)
			SetLoadedEditorAssemblies (4ms)
			RefreshPlugins (0ms)
			BeforeProcessingInitializeOnLoad (108ms)
			ProcessInitializeOnLoadAttributes (710ms)
			ProcessInitializeOnLoadMethodAttributes (40ms)
			AfterProcessingInitializeOnLoad (5ms)
			EditorAssembliesLoaded (0ms)
		ExecutionOrderSort2 (0ms)
		AwakeInstancesAfterBackupRestoration (10ms)
Launched and connected shader compiler UnityShaderCompiler.exe after 0.14 seconds
Refreshing native plugins compatible for Editor in 16.12 ms, found 6 plugins.
Preloading 2 native plugins for Editor in 0.11 ms.
Unloading 3175 Unused Serialized files (Serialized files now loaded: 0)
Unloading 56 unused Assets / (102.0 KB). Loaded Objects now: 3937.
Memory consumption went from 143.9 MB to 143.8 MB.
Total: 7.741600 ms (FindLiveObjects: 0.599100 ms CreateObjectMapping: 0.446900 ms MarkObjects: 6.022600 ms  DeleteObjects: 0.670800 ms)

AssetImportParameters requested are different than current active one (requested -> active):
  custom:container-demuxer-ogg: 62fdf1f143b41e24485cea50d1cbac27 -> 
  custom:video-decoder-ogg-theora: a1e56fd34408186e4bbccfd4996cb3dc -> 
  custom:framework-win-MediaFoundation: 216162199b28c13a410421893ffa2e32 -> 
  custom:CustomObjectIndexerAttribute: 9a22284fe3817be447336de3de66b15e -> 
  custom:container-demuxer-webm: 4f35f7cbe854078d1ac9338744f61a02 -> 
  custom:container-muxer-webm: aa71ff27fc2769a1b78a27578f13a17b -> 
  custom:video-decoder-webm-vp8: 9c59270c3fd7afecdb556c50c9e8de78 -> 
  custom:SearchIndexIgnoredProperties: e643bd26f0fe6173181afceb89e7c659 -> 
  custom:AudioImporter_EditorPlatform: d09bf68614088b80899f8185d706f6e7 -> 
  custom:video-encoder-webm-vp8: eb34c28f22e8b96e1ab97ce403110664 -> 
  custom:audio-decoder-ogg-vorbis: bf7c407c2cedff20999df2af8eb42d56 -> 
  custom:audio-encoder-webm-vorbis: bf7c407c2cedff20999df2af8eb42d56 -> 
========================================================================
Received Import Request.
  Time since last request: 877202.937334 seconds.
  path: Assets/Assets/parrot/10032_Parrot_V1_L3.obj
  artifactKey: Guid(f8c0700dca0a4f34592cca2cc9bb690d) Importer(815301076,1909f56bfc062723c751e8b465ee728b)
Start importing Assets/Assets/parrot/10032_Parrot_V1_L3.obj using Guid(f8c0700dca0a4f34592cca2cc9bb690d) Importer(815301076,1909f56bfc062723c751e8b465ee728b)  -> (artifact id: '2b7c0da28647c638518269c411531d14') in 0.418395 seconds
Number of updated asset objects reloaded before import = 0
Number of asset objects unloaded after import = 11
========================================================================
Received Import Request.
  Time since last request: 157.723405 seconds.
  path: Assets/Assets/queen
  artifactKey: Guid(19e418889d2b4ca49ae56404728d384c) Importer(815301076,1909f56bfc062723c751e8b465ee728b)
Start importing Assets/Assets/queen using Guid(19e418889d2b4ca49ae56404728d384c) Importer(815301076,1909f56bfc062723c751e8b465ee728b)  -> (artifact id: '08235a87be23ecbc923fa5b59de4d9bd') in 0.001891 seconds
Number of updated asset objects reloaded before import = 0
Number of asset objects unloaded after import = 0
========================================================================
Received Import Request.
  Time since last request: 12.028135 seconds.
  path: Assets/Assets/queen/17530_Marionette_queen_new.obj
  artifactKey: Guid(e3392e14532f33941abb5a9f150ff8b3) Importer(815301076,1909f56bfc062723c751e8b465ee728b)
Start importing Assets/Assets/queen/17530_Marionette_queen_new.obj using Guid(e3392e14532f33941abb5a9f150ff8b3) Importer(815301076,1909f56bfc062723c751e8b465ee728b)  -> (artifact id: '596ea35f25b74791c0bd4c3cb8dfbc4b') in 0.118224 seconds
Number of updated asset objects reloaded before import = 0
Number of asset objects unloaded after import = 10
========================================================================
Received Import Request.
  Time since last request: 80.390552 seconds.
  path: Assets/Assets/Rose
  artifactKey: Guid(e4de88144f68f7740916ce44c24f930f) Importer(815301076,1909f56bfc062723c751e8b465ee728b)
Start importing Assets/Assets/Rose using Guid(e4de88144f68f7740916ce44c24f930f) Importer(815301076,1909f56bfc062723c751e8b465ee728b)  -> (artifact id: '5125e99c19b6d3c042ebb2cc7b09a402') in 0.000901 seconds
Number of updated asset objects reloaded before import = 0
Number of asset objects unloaded after import = 0
========================================================================
Received Import Request.
  Time since last request: 24.724287 seconds.
  path: Assets/Assets/Rose/grass_texture225.jpg
  artifactKey: Guid(2c7af93688d45ee4a8c904cee76a2c79) Importer(815301076,1909f56bfc062723c751e8b465ee728b)
Start importing Assets/Assets/Rose/grass_texture225.jpg using Guid(2c7af93688d45ee4a8c904cee76a2c79) Importer(815301076,1909f56bfc062723c751e8b465ee728b)  -> (artifact id: '79757e032c19a7b27c67a6d3f440c898') in 0.405375 seconds
Number of updated asset objects reloaded before import = 0
Number of asset objects unloaded after import = 2
========================================================================
Received Import Request.
  Time since last request: 0.000096 seconds.
  path: Assets/Assets/Rose/rose.obj
  artifactKey: Guid(e57c68a107b3dfd4889d7bcb343ca5e6) Importer(815301076,1909f56bfc062723c751e8b465ee728b)
Start importing Assets/Assets/Rose/rose.obj using Guid(e57c68a107b3dfd4889d7bcb343ca5e6) Importer(815301076,1909f56bfc062723c751e8b465ee728b)  -> (artifact id: 'c6e0c715c9ef19218873b537470e1216') in 0.777505 seconds
Number of updated asset objects reloaded before import = 0
Number of asset objects unloaded after import = 35
========================================================================
Received Import Request.
  Time since last request: 0.000068 seconds.
  path: Assets/Assets/Rose/wildtextures-leather-Campo-rose.jpg
  artifactKey: Guid(94e28d24f0726254a87905a4cd83fe26) Importer(815301076,1909f56bfc062723c751e8b465ee728b)
Start importing Assets/Assets/Rose/wildtextures-leather-Campo-rose.jpg using Guid(94e28d24f0726254a87905a4cd83fe26) Importer(815301076,1909f56bfc062723c751e8b465ee728b)  -> (artifact id: '026faadfea1fefb2cee3509d04720e42') in 0.138596 seconds
Number of updated asset objects reloaded before import = 0
Number of asset objects unloaded after import = 2
========================================================================
Received Import Request.
  Time since last request: 0.000071 seconds.
  path: Assets/Assets/Rose/texture-green-paper-pattern-scratch-background-photo-hd-wallpaper.jpg
  artifactKey: Guid(26a8dc97cbc0971428964f84f200f328) Importer(815301076,1909f56bfc062723c751e8b465ee728b)
Start importing Assets/Assets/Rose/texture-green-paper-pattern-scratch-background-photo-hd-wallpaper.jpg using Guid(26a8dc97cbc0971428964f84f200f328) Importer(815301076,1909f56bfc062723c751e8b465ee728b)  -> (artifact id: '3051ecfc33f00764cc02a7e3fac1a613') in 0.084933 seconds
Number of updated asset objects reloaded before import = 0
Number of asset objects unloaded after import = 2
Editor requested this worker to shutdown with reason: Scaling down because of idle timeout
TcpMessagingSession - receive error: operation aborted. errorcode: 995, details: The I/O operation has been aborted because of either a thread exit or an application request.
AssetImportWorker is now disconnected from the server
Process exiting
Exiting without the bug reporter. Application will terminate with return code 0